New log file opened at Fri Jun 10 09:35:36 GMT-03:00 2016 by 28472@Muttley-PC
Taking next connection to: 2681
New client attempting to connect on port: 2683-2681
  Address = /192.168.56.1:2681
This client on port 2683 has uuid a680d560-a593-41a8-9e9c-71f818a93cb6 configName activator humanReadableName Activator protocolVersion 3 featureTags Vector()
Connected Clients: activator-a680d560-a593-41a8-9e9c-71f818a93cb6
Taking next connection to: 2681
New client attempting to connect on port: 2706-2681
  Address = /192.168.56.1:2681
Handshake exception on socket: 2706
sbt.impl.ipc.HandshakeException: Unable to perform handshake
	at sbt.impl.ipc.Peer.handshake(IPC.scala:46)
	at sbt.impl.ipc.MultiClientServer.<init>(IPC.scala:150)
	at sbt.server.SbtServerSocketHandler$$anon$1.run(SbtServerSocketHandler.scala:43)
Caused by: java.net.SocketException: Software caused connection abort: recv failed
	at java.net.SocketInputStream.socketRead0(Native Method)
	at java.net.SocketInputStream.socketRead(SocketInputStream.java:116)
	at java.net.SocketInputStream.read(SocketInputStream.java:170)
	at java.net.SocketInputStream.read(SocketInputStream.java:141)
	at java.io.BufferedInputStream.fill(BufferedInputStream.java:246)
	at java.io.BufferedInputStream.read(BufferedInputStream.java:265)
	at java.io.DataInputStream.readInt(DataInputStream.java:387)
	at sbt.impl.ipc.Peer.receive(IPC.scala:95)
	at sbt.impl.ipc.Peer.handshake(IPC.scala:49)
	... 2 more
Taking next connection to: 2681
New client attempting to connect on port: 2707-2681
  Address = /192.168.56.1:2681
This client on port 2707 has uuid 45e5e14a-4106-4d71-936c-67bc4286bf7c configName play-fork-run humanReadableName Play Fork Run protocolVersion 1 featureTags Vector()
Connected Clients: activator-a680d560-a593-41a8-9e9c-71f818a93cb6, play-fork-run-45e5e14a-4106-4d71-936c-67bc4286bf7c
Taking next connection to: 2681
Checking to see if clients are empty...
We have 1 non-daemon clients, continuing serving connections.
Taking next connection to: 2681
Checking to see if clients are empty...
We have 1 non-daemon clients, continuing serving connections.
Taking next connection to: 2681
Checking to see if clients are empty...
No non-daemon clients connected after 3 min. Shutting down.
1 daemon clients are connected.
Server socket thread exiting.
1 clients open, will close them...
All client sockets have been closed.
Closing the 28472@Muttley-PC logs at Fri Jun 10 09:47:25 GMT-03:00 2016, goodbye.
